C51 COMPILER V9.59.0.0   COUNTER2                                                          10/13/2019 17:18:53 PAGE 1   


C51 COMPILER V9.59.0.0, COMPILATION OF MODULE COUNTER2
OBJECT MODULE PLACED IN .\Objects\counter2.obj
COMPILER INVOKED BY: C:\Keil_v5\C51\BIN\C51.EXE counter2.c OPTIMIZE(8,SPEED) BROWSE DEBUG OBJECTEXTEND PRINT(.\Listings\
                    -counter2.lst) TABS(2) OBJECT(.\Objects\counter2.obj)

line level    source

   1          #include<reg51.h>
   2          sbit h=P1^6;//up counter
   3          sbit g=P1^7;//down conter
   4          
   5          void main()
   6          {
   7   1        P1=0xff;
   8   1        P2=0x00;
   9   1      while(1)
  10   1        
  11   1      {
  12   2      if(h==0)
  13   2      {
  14   3      P2=0xff;
  15   3      
  16   3      }
  17   2      if(g==0)
  18   2      {
  19   3      P2=0xff;
  20   3      
  21   3      }
  22   2      
  23   2      }
  24   1      
  25   1      
  26   1      }


MODULE INFORMATION:   STATIC OVERLAYABLE
   CODE SIZE        =     20    ----
   CONSTANT SIZE    =   ----    ----
   XDATA SIZE       =   ----    ----
   PDATA SIZE       =   ----    ----
   DATA SIZE        =   ----    ----
   IDATA SIZE       =   ----    ----
   BIT SIZE         =   ----    ----
END OF MODULE INFORMATION.


C51 COMPILATION COMPLETE.  0 WARNING(S),  0 ERROR(S)
